build/app/outputs/mapping/release/mapping.txt
# compiler: R8
# compiler_version: 2.1.62
# min_api: 16
# pg_map_id: 4592d72
# common_typos_disable
...
io.flutter.plugins.googlemaps.CirclesController -> io.flutter.plugins.googlemaps.e:
    java.util.Map circleIdToController -> a
    com.google.android.gms.maps.GoogleMap googleMap -> e
    java.util.Map googleMapsCircleIdToDartCircleId -> b
    float density -> d
    io.flutter.plugin.common.MethodChannel methodChannel -> c
    void addCircle(java.lang.Object) -> a
    void addCircle(java.lang.String,com.google.android.gms.maps.model.CircleOptions,boolean) -> b
    void addCircles(java.util.List) -> c
    void changeCircle(java.lang.Object) -> d
    void changeCircles(java.util.List) -> e
    java.lang.String getCircleId(java.lang.Object) -> f
    boolean onCircleTap(java.lang.String) -> g
    void removeCircles(java.util.List) -> h
    void setGoogleMap(com.google.android.gms.maps.GoogleMap) -> i
io.flutter.plugins.googlemaps.Convert -> io.flutter.plugins.googlemaps.f:
    java.lang.Float toFloatWrapper(java.lang.Object) -> A
    float toFractionalPixels(java.lang.Object,float) -> B
    java.util.List toHoles(java.lang.Object) -> C
    int toInt(java.lang.Object) -> D
    com.google.android.gms.maps.model.LatLng toLatLng(java.lang.Object) -> E
    com.google.android.gms.maps.model.LatLngBounds toLatLngBounds(java.lang.Object) -> F
    java.util.List toList(java.lang.Object) -> G
    java.util.Map toMap(java.lang.Object) -> H
    java.util.Map toObjectMap(java.lang.Object) -> I
    java.util.List toPattern(java.lang.Object) -> J
    int toPixels(java.lang.Object,float) -> K
    android.graphics.Point toPoint(java.lang.Object) -> L
    android.graphics.Point toPoint(java.lang.Object,float) -> M
    java.util.List toPoints(java.lang.Object) -> N
    java.lang.String toString(java.lang.Object) -> O
    java.lang.Object cameraPositionToJson(com.google.android.gms.maps.model.CameraPosition) -> a
    java.lang.Object circleIdToJson(java.lang.String) -> b
    com.google.android.gms.maps.model.BitmapDescriptor getBitmapFromBytes(java.util.List) -> c
    java.lang.String interpretCircleOptions(java.lang.Object,io.flutter.plugins.googlemaps.CircleOptionsSink) -> d
    void interpretGoogleMapOptions(java.lang.Object,io.flutter.plugins.googlemaps.GoogleMapOptionsSink) -> e
    void interpretInfoWindowOptions(io.flutter.plugins.googlemaps.MarkerOptionsSink,java.util.Map) -> f
io.flutter.plugins.googlemaps.GoogleMapBuilder -> io.flutter.plugins.googlemaps.g:
    java.lang.Object initialPolylines -> j
    java.lang.Object initialCircles -> k
    java.lang.Object initialMarkers -> h
    java.lang.Object initialPolygons -> i
    com.google.android.gms.maps.GoogleMapOptions options -> a
    android.graphics.Rect padding -> m
    boolean indoorEnabled -> e
    boolean trafficEnabled -> f
    boolean buildingsEnabled -> g
    boolean trackCameraPosition -> b
    boolean myLocationEnabled -> c
    java.util.List initialTileOverlays -> l
    boolean myLocationButtonEnabled -> d
    void setCameraTargetBounds(com.google.android.gms.maps.model.LatLngBounds) -> A
    void setScrollGesturesEnabled(boolean) -> F
    void setZoomControlsEnabled(boolean) -> H
    void setTrafficEnabled(boolean) -> K
    void setIndoorEnabled(boolean) -> R
    void setRotateGesturesEnabled(boolean) -> T
    void setMyLocationButtonEnabled(boolean) -> X
    void setTiltGesturesEnabled(boolean) -> Z
    io.flutter.plugins.googlemaps.GoogleMapController build(int,android.content.Context,io.flutter.plugin.common.BinaryMessenger,io.flutter.plugins.googlemaps.LifecycleProvider) -> a
    void setMyLocationEnabled(boolean) -> a0
    void setPadding(float,float,float,float) -> b
    void setCompassEnabled(boolean) -> b0
    void setInitialCameraPosition(com.google.android.gms.maps.model.CameraPosition) -> c
    void setInitialCircles(java.lang.Object) -> d