build/app/outputs/mapping/release/usage.txt
com.example.flutter_gmaps.R$drawable
com.example.flutter_gmaps.R$integer
com.example.flutter_gmaps.R$mipmap
com.example.flutter_gmaps.BuildConfig
com.example.flutter_gmaps.R
com.example.flutter_gmaps.R$styleable
com.example.flutter_gmaps.R$color
com.example.flutter_gmaps.R$style
com.example.flutter_gmaps.R$attr
com.example.flutter_gmaps.R$dimen
com.example.flutter_gmaps.R$layout
com.example.flutter_gmaps.R$string
com.example.flutter_gmaps.R$id
...
kotlin.sequences.USequencesKt
androidx.activity.R$integer
org.intellij.lang.annotations.PrintFormatPattern
com.google.android.gms.maps.GoogleMap$CancelableCallback
com.google.android.gms.maps.internal.zzad
com.baseflow.geolocator.LocationServiceHandlerImpl:
    private static final java.lang.String TAG
kotlin.coroutines.experimental.SafeContinuation$Fail
kotlin.collections.ArraysKt___ArraysKt$asSequence$$inlined$Sequence$4
kotlin.reflect.KProperty1$Getter
com.google.android.gms.common.internal.ServiceSpecificExtraArgs$GamesExtraArgs
kotlin.reflect.KDeclarationContainer
kotlin.coroutines.jvm.internal.DebugProbesKt
kotlin.collections.AbstractMap$values$1
androidx.core.content.SharedPreferencesCompat
io.flutter.plugins.flutter_plugin_android_lifecycle.R$color
com.baseflow.geolocator.GeolocatorPlugin:
    public static void registerWith(io.flutter.plugin.common.PluginRegistry$Registrar)
    private static final java.lang.String TAG
kotlin.coroutines.experimental.SequenceBuilderIterator
com.google.android.gms.location.zzz:
    public final void onLocationChanged(android.location.Location)
io.flutter.embedding.android.FlutterFragmentActivity$NewEngineIntentBuilder
com.google.android.gms.common.api.internal.BaseImplementation$ResultHolder:
    public abstract void setFailedResult(com.google.android.gms.common.api.Status)
androidx.core.hardware.fingerprint.FingerprintManagerCompat
androidx.lifecycle.livedata.R
com.google.android.gms.maps.internal.zzm
kotlin.reflect.KMutableProperty0
kotlin.text.StringsKt__IndentKt$getIndentFunction$1
androidx.viewpager.widget.PagerTabStrip$2
kotlin.sequences.FlatteningSequence
kotlin.concurrent.TimersKt
kotlin.coroutines.intrinsics.CoroutineSingletons
kotlin.text.StringsKt___StringsKt$windowedSequence$2
com.baseflow.geolocator.R$attr
kotlin.comparisons.ComparisonsKt__ComparisonsKt$compareByDescending$2
com.google.android.gms.maps.StreetViewPanorama$OnStreetViewPanoramaClickListener
io.flutter.app.FlutterActivityEvents
com.google.android.gms.common.internal.zzj:
    public static com.google.android.gms.common.internal.zzi zzb(android.os.IBinder)
kotlin.ranges.UIntProgressionIterator
androidx.fragment.app.BackStackRecord:
    public int getId()
    public int getBreadCrumbTitleRes()
    public int getBreadCrumbShortTitleRes()
    public java.lang.CharSequence getBreadCrumbTitle()
    public java.lang.CharSequence getBreadCrumbShortTitle()
    public androidx.fragment.app.FragmentTransaction hide(androidx.fragment.app.Fragment)
    public androidx.fragment.app.FragmentTransaction show(androidx.fragment.app.Fragment)
    public androidx.fragment.app.FragmentTransaction detach(androidx.fragment.app.Fragment)
    public androidx.fragment.app.FragmentTransaction setPrimaryNavigationFragment(androidx.fragment.app.Fragment)
    public androidx.fragment.app.FragmentTransaction setMaxLifecycle(androidx.fragment.app.Fragment,androidx.lifecycle.Lifecycle$State)
    public void commitNow()
    public void commitNowAllowingStateLoss()
    public boolean isEmpty()
    static final java.lang.String TAG
kotlin.collections.ArraysKt___ArraysKt$withIndex$6
com.google.android.gms.common.api.internal.zaq
com.google.android.gms.common.util.JsonUtils
kotlin.TypeCastException
com.google.android.gms.signin.zad:
    public abstract void zaa(com.google.android.gms.common.internal.IAccountAccessor,boolean)
    public abstract void zacw()
kotlin.jvm.internal.TypeReference$WhenMappings
kotlin.jvm.functions.Function18
kotlin.io.LinesSequence
androidx.versionedparcelable.VersionedParcel$ParcelException
kotlin.text.CharsKt__CharKt
kotlin.contracts.CallsInPlace
kotlin.ranges.UIntRange$Companion